timestamp: 2020-06-09T02:20:34.503898
CREATE TABLE "py4web_session"(
    "id" INTEGER PRIMARY KEY AUTOINCREMENT,
    "rkey" CHAR(512),
    "rvalue" TEXT,
    "expiration" INTEGER,
    "created_on" TIMESTAMP,
    "expires_on" TIMESTAMP
);
success!
timestamp: 2020-06-09T02:20:34.511897
CREATE TABLE "auth_user"(
    "id" INTEGER PRIMARY KEY AUTOINCREMENT,
    "email" CHAR(512) UNIQUE,
    "password" CHAR(512),
    "first_name" CHAR(512),
    "last_name" CHAR(512),
    "sso_id" CHAR(512),
    "action_token" CHAR(512),
    "last_password_change" TIMESTAMP
);
success!
timestamp: 2020-06-09T02:20:34.518898
CREATE TABLE "auth_user_tag_groups"(
    "id" INTEGER PRIMARY KEY AUTOINCREMENT,
    "path" CHAR(512),
    "record_id" INTEGER REFERENCES "auth_user" ("id") ON DELETE CASCADE  
);
success!
timestamp: 2020-06-09T02:20:34.525914
CREATE TABLE "user_profile"(
    "id" INTEGER PRIMARY KEY AUTOINCREMENT,
    "name" TEXT,
    "phone_number" TEXT,
    "email" CHAR(512)
);
success!
timestamp: 2020-06-09T02:20:34.530895
CREATE TABLE "substance_table"(
    "id" INTEGER PRIMARY KEY AUTOINCREMENT,
    "substance_name" TEXT,
    "lethal" CHAR(1),
    "category" TEXT
);
success!
timestamp: 2020-06-09T02:20:34.536915
CREATE TABLE "trip_reports"(
    "id" INTEGER PRIMARY KEY AUTOINCREMENT,
    "date" TEXT,
    "user_id" INTEGER REFERENCES "user_profile" ("id") ON DELETE CASCADE  ,
    "title" TEXT,
    "substance_id" INTEGER REFERENCES "substance_table" ("id") ON DELETE CASCADE  ,
    "report_content" TEXT,
    "difficult_headspace" CHAR(1),
    "anti_depressants" CHAR(1),
    "is_showing" INTEGER REFERENCES "trip_reports" ("id") ON DELETE CASCADE  
);
success!
success!
success!
success!
